<?xml version="1.0" encoding="UTF-8"?>
<!-- Generated by org.testng.reporters.JUnitReportReporter -->
<testsuite hostname="DESKTOP-VK5373N" failures="0" tests="1" name="testCases.TC_004_Invalid_SignUp" time="1.207" errors="0" timestamp="2024-06-13T23:23:17 BST" skipped="0">
  <testcase classname="testCases.TC_004_Invalid_SignUp" name="invalidSignUp" time="1.207"/>
</testsuite> <!-- testCases.TC_004_Invalid_SignUp -->
