<?xml version="1.0" encoding="UTF-8"?>
<!-- Generated by org.testng.reporters.JUnitReportReporter -->
<testsuite hostname="DESKTOP-VK5373N" failures="0" tests="1" name="testCases.TC_002_Validate_SendContactMessage" time="1.344" errors="0" timestamp="2024-06-13T23:58:48 BST" skipped="0">
  <testcase classname="testCases.TC_002_Validate_SendContactMessage" name="SendMessage" time="1.344"/>
</testsuite> <!-- testCases.TC_002_Validate_SendContactMessage -->
