<?xml version="1.0" encoding="UTF-8"?>
<!-- Generated by org.testng.reporters.JUnitReportReporter -->
<testsuite hostname="DESKTOP-VK5373N" failures="0" tests="1" name="testCases.TC_007_Validate_CheckOut" time="8.095" errors="0" timestamp="2024-06-13T23:23:17 BST" skipped="0">
  <testcase classname="testCases.TC_007_Validate_CheckOut" name="Valid_CheckOut" time="8.095"/>
</testsuite> <!-- testCases.TC_007_Validate_CheckOut -->
