<?xml version="1.0" encoding="UTF-8"?>
<!-- Generated by org.testng.reporters.JUnitReportReporter -->
<testsuite hostname="DESKTOP-VK5373N" failures="0" tests="1" name="testCases.TC_001_Validate_CheckOut_Without_Login" time="6.342" errors="0" timestamp="2024-06-13T23:23:17 BST" skipped="0">
  <testcase classname="testCases.TC_001_Validate_CheckOut_Without_Login" name="CheckOutWithoutLogin" time="6.342"/>
</testsuite> <!-- testCases.TC_001_Validate_CheckOut_Without_Login -->
