<?xml version="1.0" encoding="UTF-8"?>
<!-- Generated by org.testng.reporters.JUnitReportReporter -->
<testsuite hostname="DESKTOP-VK5373N" failures="0" tests="1" name="testCases.TC_003_Validate_SignUp" time="1.364" errors="0" timestamp="2024-06-13T23:23:17 BST" skipped="0">
  <testcase classname="testCases.TC_003_Validate_SignUp" name="signUp" time="1.364"/>
</testsuite> <!-- testCases.TC_003_Validate_SignUp -->
