<?xml version="1.0" encoding="UTF-8"?>
<!-- Generated by org.testng.reporters.JUnitReportReporter -->
<testsuite hostname="DESKTOP-VK5373N" failures="0" tests="1" name="testCases.TC_005_Validate_Login" time="1.696" errors="0" timestamp="2024-06-13T23:58:48 BST" skipped="0">
  <testcase classname="testCases.TC_005_Validate_Login" name="valid_Login" time="1.696"/>
</testsuite> <!-- testCases.TC_005_Validate_Login -->
